Using pre-set license
Built from '2020.3/staging' branch; Version is '2020.3.6f1 (338bb68529b2) revision 3378102'; Using compiler version '192528614'; Build Type 'Release'
OS: 'Windows 10 Education N; OS build 19042.928; Version 2009; 64bit' Language: 'en' Physical Memory: 12162 MB
BatchMode: 1, IsHumanControllingUs: 0, StartBugReporterOnCrash: 0, Is64bit: 1, IsPro: 0

 COMMAND LINE ARGUMENTS:
C:\Program Files\Unity\Hub\Editor\2020.3.6f1\Editor\Unity.exe
-adb2
-batchMode
-noUpm
-name
AssetImportWorker1
-projectPath
C:/BME/SzEEP/UnityHF2021/SzEEP HF
-logFile
Logs/AssetImportWorker1.log
-srvPort
50532
Successfully changed project path to: C:/BME/SzEEP/UnityHF2021/SzEEP HF
C:/BME/SzEEP/UnityHF2021/SzEEP HF
Using Asset Import Pipeline V2.
