Using pre-set license
Built from '2020.3/staging' branch; Version is '2020.3.6f1 (338bb68529b2) revision 3378102'; Using compiler version '192528614'; Build Type 'Release'
OS: 'Windows 10 Education N; OS build 19042.928; Version 2009; 64bit' Language: 'en' Physical Memory: 12162 MB
BatchMode: 1, IsHumanControllingUs: 0, StartBugReporterOnCrash: 0, Is64bit: 1, IsPro: 0

 COMMAND LINE ARGUMENTS:
C:\Program Files\Unity\Hub\Editor\2020.3.6f1\Editor\Unity.exe
-adb2
-batchMode
-noUpm
-name
AssetImportWorker0
-projectPath
C:/BME/SzEEP/UnityHF2021/SzEEP HF
-logFile
Logs/AssetImportWorker0.log
-srvPort
61857
Successfully changed project path to: C:/BME/SzEEP/UnityHF2021/SzEEP HF
C:/BME/SzEEP/UnityHF2021/SzEEP HF
Using Asset Import Pipeline V2.
Refreshing native plugins compatible for Editor in 71.87 ms, found 1 plugins.
Preloading 0 native plugins for Editor in 0.00 ms.
Initialize engine version: 2020.3.6f1 (338bb68529b2)
[Subsystems] Discovering subsystems at path C:/Program Files/Unity/Hub/Editor/2020.3.6f1/Editor/Data/Resources/UnitySubsystems
[Subsystems] Discovering subsystems at path C:/BME/SzEEP/UnityHF2021/SzEEP HF/Assets
GfxDevice: creating device client; threaded=0
Direct3D:
    Version:  Direct3D 11.0 [level 11.0]
    Renderer: NVIDIA GeForce 940MX (ID=0x134d)
    Vendor:   
    VRAM:     2010 MB
    Driver:   27.21.14.6611
Initialize mono
Mono path[0] = 'C:/Program Files/Unity/Hub/Editor/2020.3.6f1/Editor/Data/Managed'
Mono path[1] = 'C:/Program Files/Unity/Hub/Editor/2020.3.6f1/Editor/Data/MonoBleedingEdge/lib/mono/unityjit'
Mono config path = 'C:/Program Files/Unity/Hub/Editor/2020.3.6f1/Editor/Data/MonoBleedingEdge/etc'
Using monoOptions --debugger-agent=transport=dt_socket,embedding=1,server=y,suspend=n,address=127.0.0.1:56768
Begin MonoManager ReloadAssembly
Registering precompiled unity dll's ...
Register platform support module: C:/Program Files/Unity/Hub/Editor/2020.3.6f1/Editor/Data/PlaybackEngines/WindowsStandaloneSupport/UnityEditor.WindowsStandalone.Extensions.dll
Registered in 0.002475 seconds.
Native extension for WindowsStandalone target not found
Refreshing native plugins compatible for Editor in 54.84 ms, found 1 plugins.
Preloading 0 native plugins for Editor in 0.00 ms.
Mono: successfully reloaded assembly
- Completed reload, in  3.319 seconds
Platform modules already initialized, skipping
Registering precompiled user dll's ...
Registered in 0.001281 seconds.
Begin MonoManager ReloadAssembly
Native extension for WindowsStandalone target not found
Refreshing native plugins compatible for Editor in 58.15 ms, found 1 plugins.
Preloading 0 native plugins for Editor in 0.00 ms.
Mono: successfully reloaded assembly
- Completed reload, in  1.493 seconds
Platform modules already initialized, skipping
========================================================================
Worker process is ready to serve import requests
Launched and connected shader compiler UnityShaderCompiler.exe after 0.09 seconds
Refreshing native plugins compatible for Editor in 0.50 ms, found 1 plugins.
Preloading 0 native plugins for Editor in 0.00 ms.
Unloading 1867 Unused Serialized files (Serialized files now loaded: 0)
System memory in use before: 88.5 MB.
System memory in use after: 88.5 MB.

Unloading 24 unused Assets to reduce memory usage. Loaded Objects now: 2311.
Total: 2.735400 ms (FindLiveObjects: 0.237500 ms CreateObjectMapping: 0.098500 ms MarkObjects: 2.242200 ms  DeleteObjects: 0.154400 ms)

========================================================================
Received Prepare
Refreshing native plugins compatible for Editor in 2.44 ms, found 1 plugins.
Preloading 0 native plugins for Editor in 0.00 ms.
Unloading 10 Unused Serialized files (Serialized files now loaded: 0)
System memory in use before: 50.6 MB.
System memory in use after: 50.6 MB.

Unloading 10 unused Assets to reduce memory usage. Loaded Objects now: 2311.
Total: 2.845100 ms (FindLiveObjects: 0.351900 ms CreateObjectMapping: 0.110500 ms MarkObjects: 2.236800 ms  DeleteObjects: 0.144000 ms)

========================================================================
Received Import Request.
  path: Assets/Scenes/Menu.unity
  artifactKey: Guid(890d80c0223a75a438fd5df3837ecfcc) Importer(815301076,1909f56bfc062723c751e8b465ee728b)
Start importing Assets/Scenes/Menu.unity using Guid(890d80c0223a75a438fd5df3837ecfcc) Importer(815301076,1909f56bfc062723c751e8b465ee728b)  -> (artifact id: 'ae7e42df6524fce4551dd12b07f99dd0') in 0.034214 seconds
  Import took 0.041460 seconds .

========================================================================
Received Import Request.
  Time since last request: 0.074582 seconds.
  path: Assets/Scenes/Menu.unity
  artifactKey: Guid(890d80c0223a75a438fd5df3837ecfcc) Importer(815301076,1909f56bfc062723c751e8b465ee728b)
Start importing Assets/Scenes/Menu.unity using Guid(890d80c0223a75a438fd5df3837ecfcc) Importer(815301076,1909f56bfc062723c751e8b465ee728b)  -> (artifact id: 'ae7e42df6524fce4551dd12b07f99dd0') in 0.005240 seconds
  Import took 0.010579 seconds .

========================================================================
Received Prepare
Registering precompiled user dll's ...
Registered in 0.002460 seconds.
Begin MonoManager ReloadAssembly
Native extension for WindowsStandalone target not found
Refreshing native plugins compatible for Editor in 0.91 ms, found 1 plugins.
Preloading 0 native plugins for Editor in 0.00 ms.
Mono: successfully reloaded assembly
- Completed reload, in  1.917 seconds
Platform modules already initialized, skipping
Refreshing native plugins compatible for Editor in 1.06 ms, found 1 plugins.
Preloading 0 native plugins for Editor in 0.00 ms.
Unloading 1849 Unused Serialized files (Serialized files now loaded: 0)
System memory in use before: 87.2 MB.
System memory in use after: 87.2 MB.

Unloading 12 unused Assets to reduce memory usage. Loaded Objects now: 2315.
Total: 3.315800 ms (FindLiveObjects: 0.380300 ms CreateObjectMapping: 0.175900 ms MarkObjects: 2.516100 ms  DeleteObjects: 0.241500 ms)

========================================================================
Received Import Request.
  Time since last request: 232.846655 seconds.
  path: Assets/Prefabs/CatAmmo.prefab
  artifactKey: Guid(19df40b00f8dd8d4ea1e93f70ff0d048) Importer(815301076,1909f56bfc062723c751e8b465ee728b)
Start importing Assets/Prefabs/CatAmmo.prefab using Guid(19df40b00f8dd8d4ea1e93f70ff0d048) Importer(815301076,1909f56bfc062723c751e8b465ee728b)  -> (artifact id: 'a39d76d9e4374a84e383b8c037f4c125') in 0.213428 seconds
  Import took 0.219869 seconds .

========================================================================
Received Import Request.
  Time since last request: 1.456944 seconds.
  path: Assets/Prefabs/DogAmmo.prefab
  artifactKey: Guid(0136f15905afd0c40b1f20097b4dbb37) Importer(815301076,1909f56bfc062723c751e8b465ee728b)
Start importing Assets/Prefabs/DogAmmo.prefab using Guid(0136f15905afd0c40b1f20097b4dbb37) Importer(815301076,1909f56bfc062723c751e8b465ee728b)  -> (artifact id: '8c75c24dd3da02c84dc691c9fd332123') in 0.047516 seconds
  Import took 0.063144 seconds .

========================================================================
Received Import Request.
  Time since last request: 0.067529 seconds.
  path: Assets/Prefabs/DogAmmo.prefab
  artifactKey: Guid(0136f15905afd0c40b1f20097b4dbb37) Importer(815301076,1909f56bfc062723c751e8b465ee728b)
Start importing Assets/Prefabs/DogAmmo.prefab using Guid(0136f15905afd0c40b1f20097b4dbb37) Importer(815301076,1909f56bfc062723c751e8b465ee728b)  -> (artifact id: '8c75c24dd3da02c84dc691c9fd332123') in 0.035776 seconds
  Import took 0.067222 seconds .

========================================================================
Received Import Request.
  Time since last request: 45.152402 seconds.
  path: Assets/Scripts/GameManager.cs
  artifactKey: Guid(f85e6c88a0297804fa00869c5b2ab7ec) Importer(815301076,1909f56bfc062723c751e8b465ee728b)
Start importing Assets/Scripts/GameManager.cs using Guid(f85e6c88a0297804fa00869c5b2ab7ec) Importer(815301076,1909f56bfc062723c751e8b465ee728b)  -> (artifact id: '6edd2b17d17de8a5a6fec2323f4dcf48') in 0.028797 seconds
  Import took 0.035033 seconds .

========================================================================
Received Import Request.
  Time since last request: 0.005897 seconds.
  path: Assets/Scripts/GameManager.cs
  artifactKey: Guid(f85e6c88a0297804fa00869c5b2ab7ec) Importer(815301076,1909f56bfc062723c751e8b465ee728b)
Start importing Assets/Scripts/GameManager.cs using Guid(f85e6c88a0297804fa00869c5b2ab7ec) Importer(815301076,1909f56bfc062723c751e8b465ee728b)  -> (artifact id: '6edd2b17d17de8a5a6fec2323f4dcf48') in 0.004758 seconds
  Import took 0.012813 seconds .

========================================================================
Received Import Request.
  Time since last request: 7.420178 seconds.
  path: Assets/Scenes/Game.unity
  artifactKey: Guid(2cda990e2423bbf4892e6590ba056729) Importer(815301076,1909f56bfc062723c751e8b465ee728b)
Start importing Assets/Scenes/Game.unity using Guid(2cda990e2423bbf4892e6590ba056729) Importer(815301076,1909f56bfc062723c751e8b465ee728b)  -> (artifact id: 'c56dd4f7c413c373973783707195a113') in 0.022766 seconds
  Import took 0.027582 seconds .

========================================================================
Received Prepare
Registering precompiled user dll's ...
Registered in 0.002066 seconds.
Begin MonoManager ReloadAssembly
Native extension for WindowsStandalone target not found
Refreshing native plugins compatible for Editor in 0.70 ms, found 1 plugins.
Preloading 0 native plugins for Editor in 0.00 ms.
Mono: successfully reloaded assembly
- Completed reload, in  1.366 seconds
Platform modules already initialized, skipping
Refreshing native plugins compatible for Editor in 0.63 ms, found 1 plugins.
Preloading 0 native plugins for Editor in 0.00 ms.
Unloading 1849 Unused Serialized files (Serialized files now loaded: 0)
System memory in use before: 90.4 MB.
System memory in use after: 90.3 MB.

Unloading 12 unused Assets to reduce memory usage. Loaded Objects now: 2326.
Total: 8.667500 ms (FindLiveObjects: 1.199900 ms CreateObjectMapping: 0.797700 ms MarkObjects: 6.401200 ms  DeleteObjects: 0.264000 ms)

========================================================================
Received Import Request.
  Time since last request: 183.726453 seconds.
  path: Assets/Scripts/Ammos/AmmoScript.cs
  artifactKey: Guid(abbed124480c2af4c862fa9e2d09cac9) Importer(815301076,1909f56bfc062723c751e8b465ee728b)
Start importing Assets/Scripts/Ammos/AmmoScript.cs using Guid(abbed124480c2af4c862fa9e2d09cac9) Importer(815301076,1909f56bfc062723c751e8b465ee728b)  -> (artifact id: '328a2e157b86bb79aa4d60581dc66804') in 0.018159 seconds
  Import took 0.028103 seconds .

========================================================================
Received Import Request.
  Time since last request: 1.463966 seconds.
  path: Assets/Scripts/Ammos/StunAmmoScript.cs
  artifactKey: Guid(60f6314b4ece9b64bb6dfb1570f3cbf7) Importer(815301076,1909f56bfc062723c751e8b465ee728b)
Start importing Assets/Scripts/Ammos/StunAmmoScript.cs using Guid(60f6314b4ece9b64bb6dfb1570f3cbf7) Importer(815301076,1909f56bfc062723c751e8b465ee728b)  -> (artifact id: '0a1254952138c7fb7c126c39a3130147') in 0.012307 seconds
  Import took 0.018239 seconds .

========================================================================
Received Import Request.
  Time since last request: 0.592385 seconds.
  path: Assets/Scripts/Ammos/LifeStealAmmoScript.cs
  artifactKey: Guid(fd8ace1181b5e3c4687b84202b97dd27) Importer(815301076,1909f56bfc062723c751e8b465ee728b)
Start importing Assets/Scripts/Ammos/LifeStealAmmoScript.cs using Guid(fd8ace1181b5e3c4687b84202b97dd27) Importer(815301076,1909f56bfc062723c751e8b465ee728b)  -> (artifact id: '9301617910a6e979b1979114a637474f') in 0.011032 seconds
  Import took 0.018093 seconds .

========================================================================
Received Import Request.
  Time since last request: 0.510181 seconds.
  path: Assets/Scripts/Ammos/BigAmmoScript.cs
  artifactKey: Guid(9f51d370e0901eb49bd52adc717f6839) Importer(815301076,1909f56bfc062723c751e8b465ee728b)
Start importing Assets/Scripts/Ammos/BigAmmoScript.cs using Guid(9f51d370e0901eb49bd52adc717f6839) Importer(815301076,1909f56bfc062723c751e8b465ee728b)  -> (artifact id: '55b8b5e615a71fc33d2b7560037c7f76') in 0.014831 seconds
  Import took 0.021774 seconds .

========================================================================
Received Import Request.
  Time since last request: 15.611171 seconds.
  path: Assets/Scripts/PlayerControllers/PlayerController.cs
  artifactKey: Guid(b9047fec7b7e6784bbd1e07b7d799e6b) Importer(815301076,1909f56bfc062723c751e8b465ee728b)
Start importing Assets/Scripts/PlayerControllers/PlayerController.cs using Guid(b9047fec7b7e6784bbd1e07b7d799e6b) Importer(815301076,1909f56bfc062723c751e8b465ee728b)  -> (artifact id: '5df8dd12d034ad33d9e6407bcc1139a9') in 0.010327 seconds
  Import took 0.016140 seconds .

AssetImportWorkerClient::OnTransportError - code=2 error=End of file
